  [1m[36m (1.3ms)[0m  [1mCREATE TABLE "schema_migrations" ("version" varchar NOT NULL) [0m
  [1m[35m (0.1ms)[0m  select sqlite_version(*)
  [1m[36m (0.9ms)[0m  [1mCREATE UNIQUE INDEX "unique_schema_migrations" ON "schema_migrations" ("version")[0m
  [1m[35mActiveRecord::SchemaMigration Load (0.1ms)[0m  SELECT "schema_migrations".* FROM "schema_migrations"
Migrating to CreateUsers (20151204032146)
  [1m[36m (0.1ms)[0m  [1mbegin transaction[0m
  [1m[35m (0.8ms)[0m  CREATE TABLE "users" ("id" INTEGER PRIMARY KEY AUTOINCREMENT NOT NULL, "firstname" varchar, "lastname" varchar, "created_at" datetime NOT NULL, "updated_at" datetime NOT NULL) 
  [1m[36mSQL (0.2ms)[0m  [1mINSERT INTO "schema_migrations" ("version") VALUES (?)[0m  [["version", "20151204032146"]]
  [1m[35m (0.9ms)[0m  commit transaction
  [1m[36mActiveRecord::SchemaMigration Load (0.2ms)[0m  [1mSELECT "schema_migrations".* FROM "schema_migrations"[0m


Started GET "/users" for ::1 at 2015-12-03 19:31:12 -0800
  [1m[36mActiveRecord::SchemaMigration Load (0.5ms)[0m  [1mSELECT "schema_migrations".* FROM "schema_migrations"[0m

SyntaxError (/Users/ingachen/ruby/fixed_git/bewd11-homework/IngaChen_ingachen/wk_9/UserAPI/app/controllers/users_controller.rb:17: syntax error, unexpected ->, expecting keyword_end
		render :json -> User.find(params[:id]), status: 200
		               ^
/Users/ingachen/ruby/fixed_git/bewd11-homework/IngaChen_ingachen/wk_9/UserAPI/app/controllers/users_controller.rb:17: formal argument cannot be a constant
		render :json -> User.find(params[:id]), status: 200
		                    ^
/Users/ingachen/ruby/fixed_git/bewd11-homework/IngaChen_ingachen/wk_9/UserAPI/app/controllers/users_controller.rb:17: syntax error, unexpected ',', expecting keyword_end
		render :json -> User.find(params[:id]), status: 200
		                                       ^):
  app/controllers/users_controller.rb:17: syntax error, unexpected ->, expecting keyword_end
  app/controllers/users_controller.rb:17: formal argument cannot be a constant
  app/controllers/users_controller.rb:17: syntax error, unexpected ',', expecting keyword_end


  Rendered /Users/ingachen/.rvm/gems/ruby-2.2.1/gems/actionpack-4.2.4/lib/action_dispatch/middleware/templates/rescues/_source.erb (5.7ms)
  Rendered /Users/ingachen/.rvm/gems/ruby-2.2.1/gems/actionpack-4.2.4/lib/action_dispatch/middleware/templates/rescues/_trace.html.erb (2.9ms)
  Rendered /Users/ingachen/.rvm/gems/ruby-2.2.1/gems/actionpack-4.2.4/lib/action_dispatch/middleware/templates/rescues/_request_and_response.html.erb (13.5ms)
  Rendered /Users/ingachen/.rvm/gems/ruby-2.2.1/gems/actionpack-4.2.4/lib/action_dispatch/middleware/templates/rescues/diagnostics.html.erb within rescues/layout (99.7ms)
  Rendered /Users/ingachen/.rvm/gems/ruby-2.2.1/gems/web-console-2.2.1/lib/web_console/templates/_markup.html.erb (0.5ms)
  Rendered /Users/ingachen/.rvm/gems/ruby-2.2.1/gems/web-console-2.2.1/lib/web_console/templates/_inner_console_markup.html.erb within layouts/inlined_string (0.6ms)
  Rendered /Users/ingachen/.rvm/gems/ruby-2.2.1/gems/web-console-2.2.1/lib/web_console/templates/_prompt_box_markup.html.erb within layouts/inlined_string (0.4ms)
  Rendered /Users/ingachen/.rvm/gems/ruby-2.2.1/gems/web-console-2.2.1/lib/web_console/templates/style.css.erb within layouts/inlined_string (0.5ms)
  Rendered /Users/ingachen/.rvm/gems/ruby-2.2.1/gems/web-console-2.2.1/lib/web_console/templates/console.js.erb within layouts/javascript (76.1ms)
  Rendered /Users/ingachen/.rvm/gems/ruby-2.2.1/gems/web-console-2.2.1/lib/web_console/templates/main.js.erb within layouts/javascript (0.4ms)
  Rendered /Users/ingachen/.rvm/gems/ruby-2.2.1/gems/web-console-2.2.1/lib/web_console/templates/error_page.js.erb within layouts/javascript (0.7ms)
  Rendered /Users/ingachen/.rvm/gems/ruby-2.2.1/gems/web-console-2.2.1/lib/web_console/templates/index.html.erb (176.4ms)


Started GET "/users" for ::1 at 2015-12-03 19:32:50 -0800
Processing by UsersController#index as */*
  [1m[35mUser Load (0.8ms)[0m  SELECT "users".* FROM "users"
Completed 200 OK in 7ms (Views: 2.3ms | ActiveRecord: 1.0ms)


Started GET "/users" for ::1 at 2015-12-03 19:35:35 -0800
Processing by UsersController#index as */*
  [1m[36mUser Load (0.3ms)[0m  [1mSELECT "users".* FROM "users"[0m
Completed 200 OK in 2ms (Views: 0.6ms | ActiveRecord: 0.3ms)


Started POST "/users" for ::1 at 2015-12-03 19:37:47 -0800
Processing by UsersController#create as */*
  Parameters: {"user"=>"[firstname: \"Inga\", lastname: \"Chen\"]"}
Can't verify CSRF token authenticity
Completed 500 Internal Server Error in 3ms (ActiveRecord: 0.0ms)

NoMethodError (undefined method `permit' for "[firstname: \"Inga\", lastname: \"Chen\"]":String):
  app/controllers/users_controller.rb:23:in `user_params'
  app/controllers/users_controller.rb:7:in `create'


  Rendered /Users/ingachen/.rvm/gems/ruby-2.2.1/gems/actionpack-4.2.4/lib/action_dispatch/middleware/templates/rescues/_source.erb (9.8ms)
  Rendered /Users/ingachen/.rvm/gems/ruby-2.2.1/gems/actionpack-4.2.4/lib/action_dispatch/middleware/templates/rescues/_trace.html.erb (3.2ms)
  Rendered /Users/ingachen/.rvm/gems/ruby-2.2.1/gems/actionpack-4.2.4/lib/action_dispatch/middleware/templates/rescues/_request_and_response.html.erb (1.2ms)
  Rendered /Users/ingachen/.rvm/gems/ruby-2.2.1/gems/actionpack-4.2.4/lib/action_dispatch/middleware/templates/rescues/diagnostics.html.erb within rescues/layout (108.8ms)
Cannot render console with content type multipart/form-dataAllowed content types: [#<Mime::Type:0x007fbc3c4455c0 @synonyms=["application/xhtml+xml"], @symbol=:html, @string="text/html">, #<Mime::Type:0x007fbc3c4452a0 @synonyms=[], @symbol=:text, @string="text/plain">, #<Mime::Type:0x007fbc3bd61ec0 @synonyms=[], @symbol=:url_encoded_form, @string="application/x-www-form-urlencoded">]


Started POST "/users" for ::1 at 2015-12-03 19:40:59 -0800
Processing by UsersController#create as */*
  Parameters: {"user"=>"[firstname: \"Inga\", lastname: \"Chen\"]"}
Can't verify CSRF token authenticity
  [1m[35m (0.3ms)[0m  begin transaction
  [1m[36mSQL (4.9ms)[0m  [1mINSERT INTO "users" ("created_at", "updated_at") VALUES (?, ?)[0m  [["created_at", "2015-12-04 03:40:59.846123"], ["updated_at", "2015-12-04 03:40:59.846123"]]
  [1m[35m (1.7ms)[0m  commit transaction
  Rendered text template (0.0ms)
Completed 201 Created in 70ms (Views: 4.9ms | ActiveRecord: 8.4ms)


Started POST "/users" for ::1 at 2015-12-03 19:41:16 -0800
Processing by UsersController#create as */*
  Parameters: {"user"=>"[firstname: \"Inga\", lastname: \"Chen\"]"}
Can't verify CSRF token authenticity
  [1m[36m (0.1ms)[0m  [1mbegin transaction[0m
  [1m[35mSQL (0.5ms)[0m  INSERT INTO "users" ("created_at", "updated_at") VALUES (?, ?)  [["created_at", "2015-12-04 03:41:16.248381"], ["updated_at", "2015-12-04 03:41:16.248381"]]
  [1m[36m (3.5ms)[0m  [1mcommit transaction[0m
  Rendered text template (0.0ms)
Completed 201 Created in 8ms (Views: 0.5ms | ActiveRecord: 4.2ms)


Started POST "/users" for ::1 at 2015-12-03 19:42:08 -0800
Processing by UsersController#create as */*
  Parameters: {"firstname"=>"Inga", "lastname"=>"Chen"}
Can't verify CSRF token authenticity
  [1m[35m (0.1ms)[0m  begin transaction
  [1m[36mSQL (0.4ms)[0m  [1mINSERT INTO "users" ("firstname", "lastname", "created_at", "updated_at") VALUES (?, ?, ?, ?)[0m  [["firstname", "Inga"], ["lastname", "Chen"], ["created_at", "2015-12-04 03:42:08.607594"], ["updated_at", "2015-12-04 03:42:08.607594"]]
  [1m[35m (1.0ms)[0m  commit transaction
  Rendered text template (0.0ms)
Completed 201 Created in 6ms (Views: 1.4ms | ActiveRecord: 1.5ms)


Started POST "/users" for ::1 at 2015-12-03 19:42:11 -0800
Processing by UsersController#create as */*
  Parameters: {"firstname"=>"Inga", "lastname"=>"Chen"}
Can't verify CSRF token authenticity
  [1m[36m (0.1ms)[0m  [1mbegin transaction[0m
  [1m[35mSQL (0.6ms)[0m  INSERT INTO "users" ("firstname", "lastname", "created_at", "updated_at") VALUES (?, ?, ?, ?)  [["firstname", "Inga"], ["lastname", "Chen"], ["created_at", "2015-12-04 03:42:11.391516"], ["updated_at", "2015-12-04 03:42:11.391516"]]
  [1m[36m (3.0ms)[0m  [1mcommit transaction[0m
  Rendered text template (0.0ms)
Completed 201 Created in 8ms (Views: 0.5ms | ActiveRecord: 3.8ms)


Started GET "/users" for ::1 at 2015-12-03 19:42:29 -0800
Processing by UsersController#index as */*
  [1m[35mUser Load (0.7ms)[0m  SELECT "users".* FROM "users"
Completed 200 OK in 7ms (Views: 5.0ms | ActiveRecord: 0.7ms)


Started POST "/users" for ::1 at 2015-12-03 19:53:44 -0800
Processing by UsersController#create as */*
  Parameters: {"user"=>{"firstname"=>"Bob", "lastname"=>"Jones"}}
Can't verify CSRF token authenticity
  [1m[36m (0.8ms)[0m  [1mbegin transaction[0m
  [1m[35mSQL (3.5ms)[0m  INSERT INTO "users" ("created_at", "updated_at") VALUES (?, ?)  [["created_at", "2015-12-04 03:53:44.485707"], ["updated_at", "2015-12-04 03:53:44.485707"]]
  [1m[36m (1.7ms)[0m  [1mcommit transaction[0m
  Rendered text template (0.1ms)
Completed 201 Created in 34ms (Views: 2.8ms | ActiveRecord: 6.0ms)


Started GET "/users" for ::1 at 2015-12-03 19:54:09 -0800
Processing by UsersController#index as */*
  Parameters: {"user"=>{}}
  [1m[35mUser Load (0.5ms)[0m  SELECT "users".* FROM "users"
Completed 200 OK in 12ms (Views: 9.3ms | ActiveRecord: 0.5ms)


Started POST "/users" for ::1 at 2015-12-03 19:54:57 -0800
Processing by UsersController#create as */*
  Parameters: {"user"=>{"firstname"=>"Bob", "lastname"=>"Jones"}}
Can't verify CSRF token authenticity
  [1m[36m (0.1ms)[0m  [1mbegin transaction[0m
  [1m[35mSQL (0.5ms)[0m  INSERT INTO "users" ("created_at", "updated_at") VALUES (?, ?)  [["created_at", "2015-12-04 03:54:57.750707"], ["updated_at", "2015-12-04 03:54:57.750707"]]
  [1m[36m (1.1ms)[0m  [1mcommit transaction[0m
  Rendered text template (0.0ms)
Completed 201 Created in 6ms (Views: 0.4ms | ActiveRecord: 1.8ms)


Started POST "/users" for ::1 at 2015-12-03 19:56:08 -0800
Processing by UsersController#create as */*
  Parameters: {"user"=>{"firstname"=>"Bob", "lastname"=>"Jones"}}
Can't verify CSRF token authenticity
  [1m[35m (0.1ms)[0m  begin transaction
  [1m[36mSQL (1.1ms)[0m  [1mINSERT INTO "users" ("firstname", "lastname", "created_at", "updated_at") VALUES (?, ?, ?, ?)[0m  [["firstname", "Bob"], ["lastname", "Jones"], ["created_at", "2015-12-04 03:56:09.046056"], ["updated_at", "2015-12-04 03:56:09.046056"]]
  [1m[35m (1.9ms)[0m  commit transaction
  Rendered text template (0.0ms)
Completed 201 Created in 20ms (Views: 1.7ms | ActiveRecord: 3.9ms)


Started GET "/users" for ::1 at 2015-12-03 19:56:13 -0800
Processing by UsersController#index as */*
  Parameters: {"user"=>{}}
  [1m[36mUser Load (0.3ms)[0m  [1mSELECT "users".* FROM "users"[0m
Completed 200 OK in 7ms (Views: 6.0ms | ActiveRecord: 0.3ms)
  [1m[36m (1.1ms)[0m  [1mCREATE TABLE "schema_migrations" ("version" varchar NOT NULL) [0m
  [1m[35m (0.1ms)[0m  select sqlite_version(*)
  [1m[36m (1.5ms)[0m  [1mCREATE UNIQUE INDEX "unique_schema_migrations" ON "schema_migrations" ("version")[0m
  [1m[35mActiveRecord::SchemaMigration Load (0.1ms)[0m  SELECT "schema_migrations".* FROM "schema_migrations"
Migrating to CreateUsers (20151204032146)
  [1m[36m (0.1ms)[0m  [1mbegin transaction[0m
  [1m[35m (0.6ms)[0m  CREATE TABLE "users" ("id" INTEGER PRIMARY KEY AUTOINCREMENT NOT NULL, "firstname" varchar, "lastname" varchar, "email" varchar, "password" varchar, "auth_token" varchar, "created_at" datetime NOT NULL, "updated_at" datetime NOT NULL) 
  [1m[36mSQL (0.2ms)[0m  [1mINSERT INTO "schema_migrations" ("version") VALUES (?)[0m  [["version", "20151204032146"]]
  [1m[35m (0.9ms)[0m  commit transaction
  [1m[36mActiveRecord::SchemaMigration Load (0.4ms)[0m  [1mSELECT "schema_migrations".* FROM "schema_migrations"[0m


Started POST "/users" for ::1 at 2015-12-03 20:16:47 -0800
  [1m[35mActiveRecord::SchemaMigration Load (0.7ms)[0m  SELECT "schema_migrations".* FROM "schema_migrations"
Error occurred while parsing request parameters.
Contents:

{
    "user": {
        "firstname": "Bob",
        "lastname": "Jones"
        "email": "bobjones@gmail.com"
        "password": "password"
        }
}

ActionDispatch::ParamsParser::ParseError (795: unexpected token at '{
    "user": {
        "firstname": "Bob",
        "lastname": "Jones"
        "email": "bobjones@gmail.com"
        "password": "password"
        }
}'):
  actionpack (4.2.4) lib/action_dispatch/middleware/params_parser.rb:53:in `rescue in parse_formatted_parameters'
  actionpack (4.2.4) lib/action_dispatch/middleware/params_parser.rb:32:in `parse_formatted_parameters'
  actionpack (4.2.4) lib/action_dispatch/middleware/params_parser.rb:23:in `call'
  actionpack (4.2.4) lib/action_dispatch/middleware/flash.rb:260:in `call'
  rack (1.6.4) lib/rack/session/abstract/id.rb:225:in `context'
  rack (1.6.4) lib/rack/session/abstract/id.rb:220:in `call'
  actionpack (4.2.4) lib/action_dispatch/middleware/cookies.rb:560:in `call'
  activerecord (4.2.4) lib/active_record/query_cache.rb:36:in `call'
  activerecord (4.2.4) lib/active_record/connection_adapters/abstract/connection_pool.rb:653:in `call'
  activerecord (4.2.4) lib/active_record/migration.rb:377:in `call'
  actionpack (4.2.4) lib/action_dispatch/middleware/callbacks.rb:29:in `block in call'
  activesupport (4.2.4) lib/active_support/callbacks.rb:88:in `__run_callbacks__'
  activesupport (4.2.4) lib/active_support/callbacks.rb:778:in `_run_call_callbacks'
  activesupport (4.2.4) lib/active_support/callbacks.rb:81:in `run_callbacks'
  actionpack (4.2.4) lib/action_dispatch/middleware/callbacks.rb:27:in `call'
  actionpack (4.2.4) lib/action_dispatch/middleware/reloader.rb:73:in `call'
  actionpack (4.2.4) lib/action_dispatch/middleware/remote_ip.rb:78:in `call'
  actionpack (4.2.4) lib/action_dispatch/middleware/debug_exceptions.rb:17:in `call'
  web-console (2.2.1) lib/web_console/middleware.rb:39:in `call'
  actionpack (4.2.4) lib/action_dispatch/middleware/show_exceptions.rb:30:in `call'
  railties (4.2.4) lib/rails/rack/logger.rb:38:in `call_app'
  railties (4.2.4) lib/rails/rack/logger.rb:20:in `block in call'
  activesupport (4.2.4) lib/active_support/tagged_logging.rb:68:in `block in tagged'
  activesupport (4.2.4) lib/active_support/tagged_logging.rb:26:in `tagged'
  activesupport (4.2.4) lib/active_support/tagged_logging.rb:68:in `tagged'
  railties (4.2.4) lib/rails/rack/logger.rb:20:in `call'
  actionpack (4.2.4) lib/action_dispatch/middleware/request_id.rb:21:in `call'
  rack (1.6.4) lib/rack/methodoverride.rb:22:in `call'
  rack (1.6.4) lib/rack/runtime.rb:18:in `call'
  activesupport (4.2.4) lib/active_support/cache/strategy/local_cache_middleware.rb:28:in `call'
  rack (1.6.4) lib/rack/lock.rb:17:in `call'
  actionpack (4.2.4) lib/action_dispatch/middleware/static.rb:116:in `call'
  rack (1.6.4) lib/rack/sendfile.rb:113:in `call'
  railties (4.2.4) lib/rails/engine.rb:518:in `call'
  railties (4.2.4) lib/rails/application.rb:165:in `call'
  rack (1.6.4) lib/rack/lock.rb:17:in `call'
  rack (1.6.4) lib/rack/content_length.rb:15:in `call'
  rack (1.6.4) lib/rack/handler/webrick.rb:88:in `service'
  /Users/ingachen/.rvm/rubies/ruby-2.2.1/lib/ruby/2.2.0/webrick/httpserver.rb:138:in `service'
  /Users/ingachen/.rvm/rubies/ruby-2.2.1/lib/ruby/2.2.0/webrick/httpserver.rb:94:in `run'
  /Users/ingachen/.rvm/rubies/ruby-2.2.1/lib/ruby/2.2.0/webrick/server.rb:294:in `block in start_thread'


  Rendered /Users/ingachen/.rvm/gems/ruby-2.2.1/gems/actionpack-4.2.4/lib/action_dispatch/middleware/templates/rescues/_source.erb (11.9ms)
  Rendered /Users/ingachen/.rvm/gems/ruby-2.2.1/gems/actionpack-4.2.4/lib/action_dispatch/middleware/templates/rescues/_trace.html.erb (4.5ms)
  Rendered /Users/ingachen/.rvm/gems/ruby-2.2.1/gems/actionpack-4.2.4/lib/action_dispatch/middleware/templates/rescues/_request_and_response.html.erb (3.5ms)
  Rendered /Users/ingachen/.rvm/gems/ruby-2.2.1/gems/actionpack-4.2.4/lib/action_dispatch/middleware/templates/rescues/diagnostics.html.erb within rescues/layout (105.3ms)
Cannot render console with content type application/jsonAllowed content types: [#<Mime::Type:0x007fbc3c4455c0 @synonyms=["application/xhtml+xml"], @symbol=:html, @string="text/html">, #<Mime::Type:0x007fbc3c4452a0 @synonyms=[], @symbol=:text, @string="text/plain">, #<Mime::Type:0x007fbc3bd61ec0 @synonyms=[], @symbol=:url_encoded_form, @string="application/x-www-form-urlencoded">]


Started POST "/users" for ::1 at 2015-12-03 20:17:26 -0800

SyntaxError (/Users/ingachen/ruby/fixed_git/bewd11-homework/IngaChen_ingachen/wk_9/UserAPI/app/models/user.rb:14: syntax error, unexpected tSTRING_BEG, expecting ')'
		return SecureRandom.uuid.gsub(/\-/ '')
		                                    ^):
  app/models/user.rb:14: syntax error, unexpected tSTRING_BEG, expecting ')'


  Rendered /Users/ingachen/.rvm/gems/ruby-2.2.1/gems/actionpack-4.2.4/lib/action_dispatch/middleware/templates/rescues/_source.erb (7.7ms)
  Rendered /Users/ingachen/.rvm/gems/ruby-2.2.1/gems/actionpack-4.2.4/lib/action_dispatch/middleware/templates/rescues/_trace.html.erb (3.1ms)
  Rendered /Users/ingachen/.rvm/gems/ruby-2.2.1/gems/actionpack-4.2.4/lib/action_dispatch/middleware/templates/rescues/_request_and_response.html.erb (1.4ms)
  Rendered /Users/ingachen/.rvm/gems/ruby-2.2.1/gems/actionpack-4.2.4/lib/action_dispatch/middleware/templates/rescues/diagnostics.html.erb within rescues/layout (89.1ms)
Cannot render console with content type application/jsonAllowed content types: [#<Mime::Type:0x007fbc3c4455c0 @synonyms=["application/xhtml+xml"], @symbol=:html, @string="text/html">, #<Mime::Type:0x007fbc3c4452a0 @synonyms=[], @symbol=:text, @string="text/plain">, #<Mime::Type:0x007fbc3bd61ec0 @synonyms=[], @symbol=:url_encoded_form, @string="application/x-www-form-urlencoded">]


Started POST "/users" for ::1 at 2015-12-03 20:18:00 -0800
Processing by UsersController#create as */*
  Parameters: {"user"=>{"firstname"=>"Bob", "lastname"=>"Jones", "email"=>"bobjones@gmail.com", "password"=>"[FILTERED]"}}
Can't verify CSRF token authenticity
Unpermitted parameters: email, password
  [1m[36m (0.1ms)[0m  [1mbegin transaction[0m
  [1m[35mSQL (1.9ms)[0m  INSERT INTO "users" ("firstname", "lastname", "created_at", "updated_at", "auth_token") VALUES (?, ?, ?, ?, ?)  [["firstname", "Bob"], ["lastname", "Jones"], ["created_at", "2015-12-04 04:18:00.716910"], ["updated_at", "2015-12-04 04:18:00.716910"], ["auth_token", "38dba80adc7946fe9f466f6fb107beaf"]]
  [1m[36m (0.8ms)[0m  [1mcommit transaction[0m
  Rendered text template (0.0ms)
Completed 201 Created in 23ms (Views: 0.8ms | ActiveRecord: 3.9ms)


Started POST "/users" for ::1 at 2015-12-03 20:18:04 -0800
Processing by UsersController#create as */*
  Parameters: {"user"=>{"firstname"=>"Bob", "lastname"=>"Jones", "email"=>"bobjones@gmail.com", "password"=>"[FILTERED]"}}
Can't verify CSRF token authenticity
Unpermitted parameters: email, password
  [1m[35m (0.1ms)[0m  begin transaction
  [1m[36mSQL (0.6ms)[0m  [1mINSERT INTO "users" ("firstname", "lastname", "created_at", "updated_at", "auth_token") VALUES (?, ?, ?, ?, ?)[0m  [["firstname", "Bob"], ["lastname", "Jones"], ["created_at", "2015-12-04 04:18:04.444103"], ["updated_at", "2015-12-04 04:18:04.444103"], ["auth_token", "1f2f49e26eb242029069a81dff031f0b"]]
  [1m[35m (1.2ms)[0m  commit transaction
  Rendered text template (0.0ms)
Completed 201 Created in 6ms (Views: 0.5ms | ActiveRecord: 1.9ms)


Started GET "/users" for ::1 at 2015-12-03 20:26:50 -0800
Processing by UsersController#index as */*
  Parameters: {"user"=>{}}
  Rendered text template (0.1ms)
Filter chain halted as :authenticate rendered or redirected
Completed 401 Unauthorized in 7ms (Views: 4.2ms | ActiveRecord: 1.7ms)


Started GET "/users" for ::1 at 2015-12-03 20:27:38 -0800
Processing by UsersController#index as */*
  Rendered text template (0.0ms)
Filter chain halted as :authenticate rendered or redirected
Completed 401 Unauthorized in 2ms (Views: 0.9ms | ActiveRecord: 0.0ms)


Started GET "/users" for ::1 at 2015-12-03 20:27:46 -0800
Processing by UsersController#index as */*
  [1m[36mUser Load (0.5ms)[0m  [1mSELECT  "users".* FROM "users" WHERE "users"."auth_token" = ? LIMIT 1[0m  [["auth_token", "1f2f49e26eb242029069a81dff031f0b"]]
  [1m[35mUser Load (0.3ms)[0m  SELECT "users".* FROM "users"
Completed 200 OK in 63ms (Views: 3.7ms | ActiveRecord: 0.9ms)
